c:\dev\myprojects\pacmanengine\pacman\bin-int\debug\win32\vc142.pdb
c:\dev\myprojects\pacmanengine\pacman\bin-int\debug\win32\vc142.idb
c:\dev\myprojects\pacmanengine\pacman\bin-int\debug\win32\glad.obj
c:\dev\myprojects\pacmanengine\pacman\bin-int\debug\win32\gameobject.obj
c:\dev\myprojects\pacmanengine\pacman\bin-int\debug\win32\inputmanager.obj
c:\dev\myprojects\pacmanengine\pacman\bin-int\debug\win32\timesteps.obj
c:\dev\myprojects\pacmanengine\pacman\bin-int\debug\win32\playerphysics.obj
c:\dev\myprojects\pacmanengine\pacman\bin-int\debug\win32\playerinput.obj
c:\dev\myprojects\pacmanengine\pacman\bin-int\debug\win32\playeranimation.obj
c:\dev\myprojects\pacmanengine\pacman\bin-int\debug\win32\cannon_input.obj
c:\dev\myprojects\pacmanengine\pacman\bin-int\debug\win32\graphicscomponent.obj
c:\dev\myprojects\pacmanengine\pacman\bin-int\debug\win32\flamephysicsparticlegenerator.obj
c:\dev\myprojects\pacmanengine\pacman\bin-int\debug\win32\npcphysics.obj
c:\dev\myprojects\pacmanengine\pacman\bin-int\debug\win32\npcbehaviour.obj
c:\dev\myprojects\pacmanengine\pacman\bin-int\debug\win32\npcanimation.obj
c:\dev\myprojects\pacmanengine\pacman\bin-int\debug\win32\landphysics.obj
c:\dev\myprojects\pacmanengine\pacman\bin-int\debug\win32\ballphysics.obj
c:\dev\myprojects\pacmanengine\pacman\bin-int\debug\win32\physicscomponent.obj
c:\dev\myprojects\pacmanengine\pacman\bin-int\debug\win32\animationcomponent.obj
c:\dev\myprojects\pacmanengine\pacman\bin-int\debug\win32\glfw_window.obj
c:\dev\myprojects\pacmanengine\pacman\bin-int\debug\win32\rendererapi.obj
c:\dev\myprojects\pacmanengine\pacman\bin-int\debug\win32\openglrenderercommand.obj
c:\dev\myprojects\pacmanengine\pacman\bin-int\debug\win32\windowapi.obj
c:\dev\myprojects\pacmanengine\pacman\bin-int\debug\win32\targetintegratorcomponent.obj
c:\dev\myprojects\pacmanengine\pacman\bin-int\debug\win32\opengltexture.obj
c:\dev\myprojects\pacmanengine\pacman\bin-int\debug\win32\openglrenderer.obj
c:\dev\myprojects\pacmanengine\pacman\bin-int\debug\win32\main.obj
c:\dev\myprojects\pacmanengine\pacman\bin-int\debug\win32\sandboxgame.obj
c:\dev\myprojects\pacmanengine\pacman\bin-int\debug\win32\openglshader.obj
c:\dev\myprojects\pacmanengine\pacman\bin-int\debug\win32\camera2d.obj
c:\dev\myprojects\pacmanengine\pacman\bin\debug\win32\pacman.pdb
c:\dev\myprojects\pacmanengine\pacman\bin-int\debug\win32\pacman.tlog\cl.command.1.tlog
c:\dev\myprojects\pacmanengine\pacman\bin-int\debug\win32\pacman.tlog\cl.read.1.tlog
c:\dev\myprojects\pacmanengine\pacman\bin-int\debug\win32\pacman.tlog\cl.write.1.tlog
c:\dev\myprojects\pacmanengine\pacman\bin-int\debug\win32\pacman.tlog\link.13408-cvtres.read.1.tlog
c:\dev\myprojects\pacmanengine\pacman\bin-int\debug\win32\pacman.tlog\link.13408-cvtres.write.1.tlog
c:\dev\myprojects\pacmanengine\pacman\bin-int\debug\win32\pacman.tlog\link.13408-rc.read.1.tlog
c:\dev\myprojects\pacmanengine\pacman\bin-int\debug\win32\pacman.tlog\link.13408-rc.write.1.tlog
c:\dev\myprojects\pacmanengine\pacman\bin-int\debug\win32\pacman.tlog\link.13408.read.1.tlog
c:\dev\myprojects\pacmanengine\pacman\bin-int\debug\win32\pacman.tlog\link.13408.write.1.tlog
c:\dev\myprojects\pacmanengine\pacman\bin-int\debug\win32\pacman.tlog\link.command.1.tlog
c:\dev\myprojects\pacmanengine\pacman\bin-int\debug\win32\pacman.tlog\link.read.1.tlog
c:\dev\myprojects\pacmanengine\pacman\bin-int\debug\win32\pacman.tlog\link.write.1.tlog
