c:\dev\pacman-engine\pacman-2d\bin-int\debug\win32\vc142.pdb
c:\dev\pacman-engine\pacman-2d\bin-int\debug\win32\vc142.idb
c:\dev\pacman-engine\pacman-2d\bin-int\debug\win32\glad.obj
c:\dev\pacman-engine\pacman-2d\bin-int\debug\win32\gameobject.obj
c:\dev\pacman-engine\pacman-2d\bin-int\debug\win32\inputmanager.obj
c:\dev\pacman-engine\pacman-2d\bin-int\debug\win32\timesteps.obj
c:\dev\pacman-engine\pacman-2d\bin-int\debug\win32\playerphysics.obj
c:\dev\pacman-engine\pacman-2d\bin-int\debug\win32\playerinput.obj
c:\dev\pacman-engine\pacman-2d\bin-int\debug\win32\playeranimation.obj
c:\dev\pacman-engine\pacman-2d\bin-int\debug\win32\cannon_input.obj
c:\dev\pacman-engine\pacman-2d\bin-int\debug\win32\graphicscomponent.obj
c:\dev\pacman-engine\pacman-2d\bin-int\debug\win32\flamephysicsparticlegenerator.obj
c:\dev\pacman-engine\pacman-2d\bin-int\debug\win32\npcphysics.obj
c:\dev\pacman-engine\pacman-2d\bin-int\debug\win32\npcbehaviour.obj
c:\dev\pacman-engine\pacman-2d\bin-int\debug\win32\npcanimation.obj
c:\dev\pacman-engine\pacman-2d\bin-int\debug\win32\landphysics.obj
c:\dev\pacman-engine\pacman-2d\bin-int\debug\win32\ballphysics.obj
c:\dev\pacman-engine\pacman-2d\bin-int\debug\win32\physicscomponent.obj
c:\dev\pacman-engine\pacman-2d\bin-int\debug\win32\animationcomponent.obj
c:\dev\pacman-engine\pacman-2d\bin-int\debug\win32\glfw_window.obj
c:\dev\pacman-engine\pacman-2d\bin-int\debug\win32\rendererapi.obj
c:\dev\pacman-engine\pacman-2d\bin-int\debug\win32\openglrenderercommand.obj
c:\dev\pacman-engine\pacman-2d\bin-int\debug\win32\windowapi.obj
c:\dev\pacman-engine\pacman-2d\bin-int\debug\win32\targetintegratorcomponent.obj
c:\dev\pacman-engine\pacman-2d\bin-int\debug\win32\opengltexture.obj
c:\dev\pacman-engine\pacman-2d\bin-int\debug\win32\openglrenderer.obj
c:\dev\pacman-engine\pacman-2d\bin-int\debug\win32\main.obj
c:\dev\pacman-engine\pacman-2d\bin-int\debug\win32\sandboxgame.obj
c:\dev\pacman-engine\pacman-2d\bin-int\debug\win32\openglshader.obj
c:\dev\pacman-engine\pacman-2d\bin-int\debug\win32\camera2d.obj
c:\dev\pacman-engine\pacman-2d\bin\debug\win32\pacman-2d.pdb
c:\dev\pacman-engine\pacman-2d\bin-int\debug\win32\pacman-2d.tlog\cl.command.1.tlog
c:\dev\pacman-engine\pacman-2d\bin-int\debug\win32\pacman-2d.tlog\cl.read.1.tlog
c:\dev\pacman-engine\pacman-2d\bin-int\debug\win32\pacman-2d.tlog\cl.write.1.tlog
c:\dev\pacman-engine\pacman-2d\bin-int\debug\win32\pacman-2d.tlog\link.9568-cvtres.read.1.tlog
c:\dev\pacman-engine\pacman-2d\bin-int\debug\win32\pacman-2d.tlog\link.9568-cvtres.write.1.tlog
c:\dev\pacman-engine\pacman-2d\bin-int\debug\win32\pacman-2d.tlog\link.9568-rc.read.1.tlog
c:\dev\pacman-engine\pacman-2d\bin-int\debug\win32\pacman-2d.tlog\link.9568-rc.write.1.tlog
c:\dev\pacman-engine\pacman-2d\bin-int\debug\win32\pacman-2d.tlog\link.9568.read.1.tlog
c:\dev\pacman-engine\pacman-2d\bin-int\debug\win32\pacman-2d.tlog\link.9568.write.1.tlog
c:\dev\pacman-engine\pacman-2d\bin-int\debug\win32\pacman-2d.tlog\link.command.1.tlog
c:\dev\pacman-engine\pacman-2d\bin-int\debug\win32\pacman-2d.tlog\link.read.1.tlog
c:\dev\pacman-engine\pacman-2d\bin-int\debug\win32\pacman-2d.tlog\link.write.1.tlog
